2020-05-15 01:36:56,390 [ERROR] com.ilyabuglakov.triangleanalyzer.service.Validator [http-nio-8080-exec-1]
Provided sides can't form a triangle: side1=3, side2=44, side3=5

2020-05-15 01:36:56,392 [INFO] com.ilyabuglakov.triangleanalyzer.service.TriangleAnalyzerService.TriangleAnalyzerService [http-nio-8080-exec-1]
Normal work. Provided sides: side1=12, side2=13, side3=14

2020-05-15 01:36:56,394 [INFO] com.ilyabuglakov.triangleanalyzer.service.TriangleCacher [http-nio-8080-exec-1]
Cached new element with key=12-13-14

2020-05-15 01:36:56,395 [INFO] com.ilyabuglakov.triangleanalyzer.service.TriangleAnalyzerService.TriangleAnalyzerService [http-nio-8080-exec-1]
Normal work. Provided sides: side1=3, side2=4, side3=5

2020-05-15 01:36:56,397 [INFO] com.ilyabuglakov.triangleanalyzer.service.TriangleCacher [http-nio-8080-exec-1]
Cached new element with key=3-4-5

2020-05-15 01:36:56,398 [INFO] com.ilyabuglakov.triangleanalyzer.service.TriangleAnalyzerService.TriangleAnalyzerService [http-nio-8080-exec-1]
Normal work. Provided sides: side1=4, side2=4, side3=4

2020-05-15 01:36:56,402 [INFO] com.ilyabuglakov.triangleanalyzer.service.TriangleCacher [http-nio-8080-exec-1]
Cached new element with key=4-4-4

2020-05-15 01:37:12,817 [ERROR] com.ilyabuglakov.triangleanalyzer.service.Validator [http-nio-8080-exec-3]
Provided sides can't form a triangle: side1=12, side2=13, side3=1444

2020-05-15 01:37:12,819 [ERROR] com.ilyabuglakov.triangleanalyzer.service.Validator [http-nio-8080-exec-3]
Provided sides can't form a triangle: side1=3, side2=44, side3=544

2020-05-15 01:37:12,819 [ERROR] com.ilyabuglakov.triangleanalyzer.service.Validator [http-nio-8080-exec-3]
Provided sides can't form a triangle: side1=3, side2=4, side3=544

2020-05-15 01:37:12,820 [ERROR] com.ilyabuglakov.triangleanalyzer.service.Validator [http-nio-8080-exec-3]
Provided sides can't form a triangle: side1=4, side2=4, side3=444

2020-05-15 01:37:32,132 [ERROR] com.ilyabuglakov.triangleanalyzer.service.Validator [http-nio-8080-exec-4]
Provided sides can't form a triangle: side1=3, side2=44, side3=5

2020-05-15 01:37:32,133 [ERROR] com.ilyabuglakov.triangleanalyzer.service.Validator [http-nio-8080-exec-4]
Provided sides can't form a triangle: side1=3, side2=4, side3=0

2020-05-15 01:37:32,134 [INFO] com.ilyabuglakov.triangleanalyzer.service.TriangleAnalyzerService.TriangleAnalyzerService [http-nio-8080-exec-4]
Normal work. Provided sides: side1=12, side2=13, side3=14

2020-05-15 01:37:32,135 [INFO] com.ilyabuglakov.triangleanalyzer.service.TriangleCacher [http-nio-8080-exec-4]
Returned existing response from cache with key=12-13-14

2020-05-15 01:37:32,135 [INFO] com.ilyabuglakov.triangleanalyzer.service.TriangleAnalyzerService.TriangleAnalyzerService [http-nio-8080-exec-4]
Normal work. Provided sides: side1=3, side2=4, side3=5

2020-05-15 01:37:32,136 [INFO] com.ilyabuglakov.triangleanalyzer.service.TriangleCacher [http-nio-8080-exec-4]
Returned existing response from cache with key=3-4-5

2020-05-15 01:37:32,136 [INFO] com.ilyabuglakov.triangleanalyzer.service.TriangleAnalyzerService.TriangleAnalyzerService [http-nio-8080-exec-4]
Normal work. Provided sides: side1=4, side2=4, side3=4

2020-05-15 01:37:32,138 [INFO] com.ilyabuglakov.triangleanalyzer.service.TriangleCacher [http-nio-8080-exec-4]
Returned existing response from cache with key=4-4-4

