2020-05-31 18:41:45,095 [ERROR] com.ilyabuglakov.triangleanalyzer.service.Validator [http-nio-8080-exec-1]
Provided sides can't form a triangle: side1=3, side2=4, side3=0

2020-05-31 18:41:45,097 [INFO] com.ilyabuglakov.triangleanalyzer.service.analyzer.TriangleAnalyzerService [http-nio-8080-exec-1]
Normal work. Provided sides: side1=12, side2=13, side3=14

2020-05-31 18:41:45,098 [INFO] com.ilyabuglakov.triangleanalyzer.service.TriangleCacher [http-nio-8080-exec-1]
Cached new element with key=12-13-14

2020-05-31 18:41:45,099 [INFO] com.ilyabuglakov.triangleanalyzer.service.analyzer.TriangleAnalyzerService [http-nio-8080-exec-1]
Normal work. Provided sides: side1=3, side2=5, side3=5

2020-05-31 18:41:45,100 [INFO] com.ilyabuglakov.triangleanalyzer.service.TriangleCacher [http-nio-8080-exec-1]
Cached new element with key=3-5-5

2020-05-31 18:41:45,101 [INFO] com.ilyabuglakov.triangleanalyzer.service.analyzer.TriangleAnalyzerService [http-nio-8080-exec-1]
Normal work. Provided sides: side1=4, side2=4, side3=5

2020-05-31 18:41:45,102 [INFO] com.ilyabuglakov.triangleanalyzer.service.TriangleCacher [http-nio-8080-exec-1]
Cached new element with key=4-4-5

2020-05-31 18:41:45,103 [INFO] com.ilyabuglakov.triangleanalyzer.service.analyzer.TriangleAnalyzerService [http-nio-8080-exec-1]
Normal work. Provided sides: side1=3, side2=4, side3=5

2020-05-31 18:41:45,104 [INFO] com.ilyabuglakov.triangleanalyzer.service.TriangleCacher [http-nio-8080-exec-1]
Cached new element with key=3-4-5

2020-05-31 18:41:45,104 [INFO] com.ilyabuglakov.triangleanalyzer.service.analyzer.TriangleAnalyzerService [http-nio-8080-exec-1]
Normal work. Provided sides: side1=4, side2=5, side3=4

2020-05-31 18:41:45,105 [INFO] com.ilyabuglakov.triangleanalyzer.service.TriangleCacher [http-nio-8080-exec-1]
Cached new element with key=4-5-4

