2020-03-27 20:53:42,806 [INFO] com.ilyabuglakov.triangleanalyzer.service.TriangleCacher [http-nio-8080-exec-2]
Cached new element with key=3-3-5

2020-03-27 20:53:42,807 [INFO] com.ilyabuglakov.triangleanalyzer.controller.TriangleAnalyzerController [http-nio-8080-exec-2]
Normal work. Provided sides: side1=3, side2=3, side3=5

2020-03-27 21:17:52,251 [INFO] com.ilyabuglakov.triangleanalyzer.service.TriangleCacher [http-nio-8080-exec-6]
Returned existing response from cache with key=3-3-5

2020-03-27 21:17:52,282 [INFO] com.ilyabuglakov.triangleanalyzer.controller.TriangleAnalyzerController [http-nio-8080-exec-6]
Normal work. Provided sides: side1=3, side2=3, side3=5

2020-03-27 21:17:56,855 [INFO] com.ilyabuglakov.triangleanalyzer.service.TriangleCacher [http-nio-8080-exec-1]
Returned existing response from cache with key=3-3-5

2020-03-27 21:17:56,856 [INFO] com.ilyabuglakov.triangleanalyzer.controller.TriangleAnalyzerController [http-nio-8080-exec-1]
Normal work. Provided sides: side1=3, side2=3, side3=5

2020-03-27 21:17:58,703 [INFO] com.ilyabuglakov.triangleanalyzer.service.TriangleCacher [http-nio-8080-exec-8]
Returned existing response from cache with key=3-3-5

2020-03-27 21:17:58,704 [INFO] com.ilyabuglakov.triangleanalyzer.controller.TriangleAnalyzerController [http-nio-8080-exec-8]
Normal work. Provided sides: side1=3, side2=3, side3=5

2020-03-27 21:17:59,748 [INFO] com.ilyabuglakov.triangleanalyzer.service.TriangleCacher [http-nio-8080-exec-9]
Returned existing response from cache with key=3-3-5

2020-03-27 21:17:59,749 [INFO] com.ilyabuglakov.triangleanalyzer.controller.TriangleAnalyzerController [http-nio-8080-exec-9]
Normal work. Provided sides: side1=3, side2=3, side3=5

